<?xml version="1.0" encoding="UTF-8"?>
<testng-results ignored="1" total="9" passed="0" failed="8" skipped="0">
  <reporter-output>
  </reporter-output>
  <suite started-at="2025-10-28T22:07:38 IST" name="Regression,API" finished-at="2025-10-28T22:07:39 IST" duration-ms="894">
    <groups>
    </groups>
    <test started-at="2025-10-28T22:07:38 IST" name="API" finished-at="2025-10-28T22:07:39 IST" duration-ms="894">
      <class name="com.example.api.tests.userAPI_json">
        <test-method is-config="true" signature="setup()[pri:0, instance:com.example.api.tests.userAPI_json@757d6814]" started-at="2025-10-28T22:07:38 IST" name="setup" finished-at="2025-10-28T22:07:39 IST" duration-ms="432" status="PASS">
          <reporter-output>
          </reporter-output>
        </test-method> <!-- setup -->
        <test-method signature="registerUser(java.util.Map)[pri:0, instance:com.example.api.tests.userAPI_json@757d6814]" started-at="2025-10-28T22:07:39 IST" name="registerUser" data-provider="registerData" finished-at="2025-10-28T22:07:39 IST" duration-ms="146" status="FAIL">
          <params>
            <param index="0">
              <value>
                <![CDATA[{Testcases=Success, name=admin, email=admin003@avi.com, password=admin@1234, success=TRUE, status=201, Expected Message=User account created successfully}]]>
              </value>
            </param>
          </params>
          <exception class="java.lang.NoClassDefFoundError">
            <message>
              <![CDATA[org/hamcrest/Matcher]]>
            </message>
            <full-stacktrace>
              <![CDATA[java.lang.NoClassDefFoundError: org/hamcrest/Matcher
at java.base/java.lang.Class.getDeclaredMethods0(Native Method)
at java.base/java.lang.Class.privateGetDeclaredMethods(Class.java:3402)
at java.base/java.lang.Class.privateGetPublicMethods(Class.java:3427)
at java.base/java.lang.Class.getMethods(Class.java:2019)
at java.desktop/com.sun.beans.introspect.MethodInfo.get(MethodInfo.java:70)
at java.desktop/com.sun.beans.introspect.ClassInfo.getMethods(ClassInfo.java:80)
at java.desktop/java.beans.Introspector.getTargetMethodInfo(Introspector.java:1029)
at java.desktop/java.beans.Introspector.getBeanInfo(Introspector.java:446)
at java.desktop/java.beans.Introspector.getBeanInfo(Introspector.java:195)
at groovy.lang.MetaClassImpl.lambda$addProperties$24(MetaClassImpl.java:3495)
at java.base/java.security.AccessController.doPrivileged(AccessController.java:569)
at groovy.lang.MetaClassImpl.doPrivileged(MetaClassImpl.java:3527)
at groovy.lang.MetaClassImpl.addProperties(MetaClassImpl.java:3495)
at groovy.lang.MetaClassImpl.reinitialize(MetaClassImpl.java:3477)
at groovy.lang.MetaClassImpl.initialize(MetaClassImpl.java:3470)
at org.codehaus.groovy.reflection.ClassInfo.getMetaClassUnderLock(ClassInfo.java:272)
at org.codehaus.groovy.reflection.ClassInfo.getMetaClass(ClassInfo.java:314)
at io.restassured.internal.ResponseSpecificationImpl.$getStaticMetaClass(ResponseSpecificationImpl.groovy)
at io.restassured.internal.ResponseSpecificationImpl.<init>(ResponseSpecificationImpl.groovy:61)
at io.restassured.internal.ResponseSpecificationImpl.<init>(ResponseSpecificationImpl.groovy:79)
at io.restassured.RestAssured.createTestSpecification(RestAssured.java:1453)
at io.restassured.RestAssured.given(RestAssured.java:654)
at com.example.api.tests.userAPI_json.registerUser(userAPI_json.java:28)
at java.base/jdk.internal.reflect.NativeMethodAccessorImpl.invoke0(Native Method)
at java.base/jdk.internal.reflect.NativeMethodAccessorImpl.invoke(NativeMethodAccessorImpl.java:77)
at java.base/jdk.internal.reflect.DelegatingMethodAccessorImpl.invoke(DelegatingMethodAccessorImpl.java:43)
at java.base/java.lang.reflect.Method.invoke(Method.java:568)
at org.testng.internal.invokers.MethodInvocationHelper.invokeMethod(MethodInvocationHelper.java:141)
at org.testng.internal.invokers.TestInvoker.invokeMethod(TestInvoker.java:687)
at org.testng.internal.invokers.TestInvoker.invokeTestMethod(TestInvoker.java:230)
at org.testng.internal.invokers.MethodRunner.runInSequence(MethodRunner.java:63)
at org.testng.internal.invokers.TestInvoker$MethodInvocationAgent.invoke(TestInvoker.java:995)
at org.testng.internal.invokers.TestInvoker.invokeTestMethods(TestInvoker.java:203)
at org.testng.internal.invokers.TestMethodWorker.invokeTestMethods(TestMethodWorker.java:154)
at org.testng.internal.invokers.TestMethodWorker.run(TestMethodWorker.java:134)
at java.base/java.util.ArrayList.forEach(ArrayList.java:1511)
at org.testng.TestRunner.privateRun(TestRunner.java:741)
at org.testng.TestRunner.run(TestRunner.java:616)
at org.testng.SuiteRunner.runTest(SuiteRunner.java:421)
at org.testng.SuiteRunner.runSequentially(SuiteRunner.java:413)
at org.testng.SuiteRunner.privateRun(SuiteRunner.java:373)
at org.testng.SuiteRunner.run(SuiteRunner.java:312)
at org.testng.SuiteRunnerWorker.runSuite(SuiteRunnerWorker.java:52)
at org.testng.SuiteRunnerWorker.run(SuiteRunnerWorker.java:95)
at org.testng.TestNG.runSuitesSequentially(TestNG.java:1274)
at org.testng.TestNG.runSuitesLocally(TestNG.java:1208)
at org.testng.TestNG.runSuites(TestNG.java:1112)
at org.testng.TestNG.run(TestNG.java:1079)
at com.example.api.utils.TestNGXMLGenerator2.runGeneratedXML(TestNGXMLGenerator2.java:200)
at com.example.api.utils.TestNGXMLGenerator2.main(TestNGXMLGenerator2.java:134)
Caused by: java.lang.ClassNotFoundException: org.hamcrest.Matcher
at java.base/jdk.internal.loader.BuiltinClassLoader.loadClass(BuiltinClassLoader.java:641)
at java.base/jdk.internal.loader.ClassLoaders$AppClassLoader.loadClass(ClassLoaders.java:188)
at java.base/java.lang.ClassLoader.loadClass(ClassLoader.java:520)
... 50 more
]]>
            </full-stacktrace>
          </exception> <!-- java.lang.NoClassDefFoundError -->
          <reporter-output>
          </reporter-output>
        </test-method> <!-- registerUser -->
        <test-method signature="registerUser(java.util.Map)[pri:0, instance:com.example.api.tests.userAPI_json@757d6814]" started-at="2025-10-28T22:07:39 IST" name="registerUser" data-provider="registerData" finished-at="2025-10-28T22:07:39 IST" duration-ms="3" status="FAIL">
          <params>
            <param index="0">
              <value>
                <![CDATA[{Testcases=Duplicate Email, name=admin, email=admin003@avi.com, password=test@1234, success=FALSE, status=409, Expected Message=An account already exists with the same email address}]]>
              </value>
            </param>
          </params>
          <exception class="java.lang.NoClassDefFoundError">
            <message>
              <![CDATA[org/hamcrest/Matcher]]>
            </message>
            <full-stacktrace>
              <![CDATA[java.lang.NoClassDefFoundError: org/hamcrest/Matcher
at java.base/java.lang.Class.getDeclaredMethods0(Native Method)
at java.base/java.lang.Class.privateGetDeclaredMethods(Class.java:3402)
at java.base/java.lang.Class.privateGetPublicMethods(Class.java:3427)
at java.base/java.lang.Class.getMethods(Class.java:2019)
at java.desktop/com.sun.beans.introspect.MethodInfo.get(MethodInfo.java:70)
at java.desktop/com.sun.beans.introspect.ClassInfo.getMethods(ClassInfo.java:80)
at java.desktop/java.beans.Introspector.getTargetMethodInfo(Introspector.java:1029)
at java.desktop/java.beans.Introspector.getBeanInfo(Introspector.java:446)
at java.desktop/java.beans.Introspector.getBeanInfo(Introspector.java:195)
at groovy.lang.MetaClassImpl.lambda$addProperties$24(MetaClassImpl.java:3495)
at java.base/java.security.AccessController.doPrivileged(AccessController.java:569)
at groovy.lang.MetaClassImpl.doPrivileged(MetaClassImpl.java:3527)
at groovy.lang.MetaClassImpl.addProperties(MetaClassImpl.java:3495)
at groovy.lang.MetaClassImpl.reinitialize(MetaClassImpl.java:3477)
at groovy.lang.MetaClassImpl.initialize(MetaClassImpl.java:3470)
at org.codehaus.groovy.reflection.ClassInfo.getMetaClassUnderLock(ClassInfo.java:272)
at org.codehaus.groovy.reflection.ClassInfo.getMetaClass(ClassInfo.java:314)
at io.restassured.internal.ResponseSpecificationImpl.$getStaticMetaClass(ResponseSpecificationImpl.groovy)
at io.restassured.internal.ResponseSpecificationImpl.<init>(ResponseSpecificationImpl.groovy:61)
at io.restassured.internal.ResponseSpecificationImpl.<init>(ResponseSpecificationImpl.groovy:79)
at io.restassured.RestAssured.createTestSpecification(RestAssured.java:1453)
at io.restassured.RestAssured.given(RestAssured.java:654)
at com.example.api.tests.userAPI_json.registerUser(userAPI_json.java:28)
at java.base/jdk.internal.reflect.NativeMethodAccessorImpl.invoke0(Native Method)
at java.base/jdk.internal.reflect.NativeMethodAccessorImpl.invoke(NativeMethodAccessorImpl.java:77)
at java.base/jdk.internal.reflect.DelegatingMethodAccessorImpl.invoke(DelegatingMethodAccessorImpl.java:43)
at java.base/java.lang.reflect.Method.invoke(Method.java:568)
at org.testng.internal.invokers.MethodInvocationHelper.invokeMethod(MethodInvocationHelper.java:141)
at org.testng.internal.invokers.TestInvoker.invokeMethod(TestInvoker.java:687)
at org.testng.internal.invokers.TestInvoker.invokeTestMethod(TestInvoker.java:230)
at org.testng.internal.invokers.MethodRunner.runInSequence(MethodRunner.java:63)
at org.testng.internal.invokers.TestInvoker$MethodInvocationAgent.invoke(TestInvoker.java:995)
at org.testng.internal.invokers.TestInvoker.invokeTestMethods(TestInvoker.java:203)
at org.testng.internal.invokers.TestMethodWorker.invokeTestMethods(TestMethodWorker.java:154)
at org.testng.internal.invokers.TestMethodWorker.run(TestMethodWorker.java:134)
at java.base/java.util.ArrayList.forEach(ArrayList.java:1511)
at org.testng.TestRunner.privateRun(TestRunner.java:741)
at org.testng.TestRunner.run(TestRunner.java:616)
at org.testng.SuiteRunner.runTest(SuiteRunner.java:421)
at org.testng.SuiteRunner.runSequentially(SuiteRunner.java:413)
at org.testng.SuiteRunner.privateRun(SuiteRunner.java:373)
at org.testng.SuiteRunner.run(SuiteRunner.java:312)
at org.testng.SuiteRunnerWorker.runSuite(SuiteRunnerWorker.java:52)
at org.testng.SuiteRunnerWorker.run(SuiteRunnerWorker.java:95)
at org.testng.TestNG.runSuitesSequentially(TestNG.java:1274)
at org.testng.TestNG.runSuitesLocally(TestNG.java:1208)
at org.testng.TestNG.runSuites(TestNG.java:1112)
at org.testng.TestNG.run(TestNG.java:1079)
at com.example.api.utils.TestNGXMLGenerator2.runGeneratedXML(TestNGXMLGenerator2.java:200)
at com.example.api.utils.TestNGXMLGenerator2.main(TestNGXMLGenerator2.java:134)
Caused by: java.lang.ClassNotFoundException: org.hamcrest.Matcher
at java.base/jdk.internal.loader.BuiltinClassLoader.loadClass(BuiltinClassLoader.java:641)
at java.base/jdk.internal.loader.ClassLoaders$AppClassLoader.loadClass(ClassLoaders.java:188)
at java.base/java.lang.ClassLoader.loadClass(ClassLoader.java:520)
... 50 more
]]>
            </full-stacktrace>
          </exception> <!-- java.lang.NoClassDefFoundError -->
          <reporter-output>
          </reporter-output>
        </test-method> <!-- registerUser -->
        <test-method signature="registerUser(java.util.Map)[pri:0, instance:com.example.api.tests.userAPI_json@757d6814]" started-at="2025-10-28T22:07:39 IST" name="registerUser" data-provider="registerData" finished-at="2025-10-28T22:07:39 IST" duration-ms="1" status="FAIL">
          <params>
            <param index="0">
              <value>
                <![CDATA[{Testcases=Invalid Email, name=admin, email=test1.com, password=test@1234, success=FALSE, status=400, Expected Message=A valid email address is required}]]>
              </value>
            </param>
          </params>
          <exception class="java.lang.NoClassDefFoundError">
            <message>
              <![CDATA[org/hamcrest/Matcher]]>
            </message>
            <full-stacktrace>
              <![CDATA[java.lang.NoClassDefFoundError: org/hamcrest/Matcher
at java.base/java.lang.Class.getDeclaredMethods0(Native Method)
at java.base/java.lang.Class.privateGetDeclaredMethods(Class.java:3402)
at java.base/java.lang.Class.privateGetPublicMethods(Class.java:3427)
at java.base/java.lang.Class.getMethods(Class.java:2019)
at java.desktop/com.sun.beans.introspect.MethodInfo.get(MethodInfo.java:70)
at java.desktop/com.sun.beans.introspect.ClassInfo.getMethods(ClassInfo.java:80)
at java.desktop/java.beans.Introspector.getTargetMethodInfo(Introspector.java:1029)
at java.desktop/java.beans.Introspector.getBeanInfo(Introspector.java:446)
at java.desktop/java.beans.Introspector.getBeanInfo(Introspector.java:195)
at groovy.lang.MetaClassImpl.lambda$addProperties$24(MetaClassImpl.java:3495)
at java.base/java.security.AccessController.doPrivileged(AccessController.java:569)
at groovy.lang.MetaClassImpl.doPrivileged(MetaClassImpl.java:3527)
at groovy.lang.MetaClassImpl.addProperties(MetaClassImpl.java:3495)
at groovy.lang.MetaClassImpl.reinitialize(MetaClassImpl.java:3477)
at groovy.lang.MetaClassImpl.initialize(MetaClassImpl.java:3470)
at org.codehaus.groovy.reflection.ClassInfo.getMetaClassUnderLock(ClassInfo.java:272)
at org.codehaus.groovy.reflection.ClassInfo.getMetaClass(ClassInfo.java:314)
at io.restassured.internal.ResponseSpecificationImpl.$getStaticMetaClass(ResponseSpecificationImpl.groovy)
at io.restassured.internal.ResponseSpecificationImpl.<init>(ResponseSpecificationImpl.groovy:61)
at io.restassured.internal.ResponseSpecificationImpl.<init>(ResponseSpecificationImpl.groovy:79)
at io.restassured.RestAssured.createTestSpecification(RestAssured.java:1453)
at io.restassured.RestAssured.given(RestAssured.java:654)
at com.example.api.tests.userAPI_json.registerUser(userAPI_json.java:28)
at java.base/jdk.internal.reflect.NativeMethodAccessorImpl.invoke0(Native Method)
at java.base/jdk.internal.reflect.NativeMethodAccessorImpl.invoke(NativeMethodAccessorImpl.java:77)
at java.base/jdk.internal.reflect.DelegatingMethodAccessorImpl.invoke(DelegatingMethodAccessorImpl.java:43)
at java.base/java.lang.reflect.Method.invoke(Method.java:568)
at org.testng.internal.invokers.MethodInvocationHelper.invokeMethod(MethodInvocationHelper.java:141)
at org.testng.internal.invokers.TestInvoker.invokeMethod(TestInvoker.java:687)
at org.testng.internal.invokers.TestInvoker.invokeTestMethod(TestInvoker.java:230)
at org.testng.internal.invokers.MethodRunner.runInSequence(MethodRunner.java:63)
at org.testng.internal.invokers.TestInvoker$MethodInvocationAgent.invoke(TestInvoker.java:995)
at org.testng.internal.invokers.TestInvoker.invokeTestMethods(TestInvoker.java:203)
at org.testng.internal.invokers.TestMethodWorker.invokeTestMethods(TestMethodWorker.java:154)
at org.testng.internal.invokers.TestMethodWorker.run(TestMethodWorker.java:134)
at java.base/java.util.ArrayList.forEach(ArrayList.java:1511)
at org.testng.TestRunner.privateRun(TestRunner.java:741)
at org.testng.TestRunner.run(TestRunner.java:616)
at org.testng.SuiteRunner.runTest(SuiteRunner.java:421)
at org.testng.SuiteRunner.runSequentially(SuiteRunner.java:413)
at org.testng.SuiteRunner.privateRun(SuiteRunner.java:373)
at org.testng.SuiteRunner.run(SuiteRunner.java:312)
at org.testng.SuiteRunnerWorker.runSuite(SuiteRunnerWorker.java:52)
at org.testng.SuiteRunnerWorker.run(SuiteRunnerWorker.java:95)
at org.testng.TestNG.runSuitesSequentially(TestNG.java:1274)
at org.testng.TestNG.runSuitesLocally(TestNG.java:1208)
at org.testng.TestNG.runSuites(TestNG.java:1112)
at org.testng.TestNG.run(TestNG.java:1079)
at com.example.api.utils.TestNGXMLGenerator2.runGeneratedXML(TestNGXMLGenerator2.java:200)
at com.example.api.utils.TestNGXMLGenerator2.main(TestNGXMLGenerator2.java:134)
Caused by: java.lang.ClassNotFoundException: org.hamcrest.Matcher
at java.base/jdk.internal.loader.BuiltinClassLoader.loadClass(BuiltinClassLoader.java:641)
at java.base/jdk.internal.loader.ClassLoaders$AppClassLoader.loadClass(ClassLoaders.java:188)
at java.base/java.lang.ClassLoader.loadClass(ClassLoader.java:520)
... 50 more
]]>
            </full-stacktrace>
          </exception> <!-- java.lang.NoClassDefFoundError -->
          <reporter-output>
          </reporter-output>
        </test-method> <!-- registerUser -->
        <test-method signature="registerUser(java.util.Map)[pri:0, instance:com.example.api.tests.userAPI_json@757d6814]" started-at="2025-10-28T22:07:39 IST" name="registerUser" data-provider="registerData" finished-at="2025-10-28T22:07:39 IST" duration-ms="2" status="FAIL">
          <params>
            <param index="0">
              <value>
                <![CDATA[{Testcases=Invalid Password, name=admin, email=intest002@admin.com, password=test, success=FALSE, status=400, Expected Message=Password must be between 6 and 30 characters}]]>
              </value>
            </param>
          </params>
          <exception class="java.lang.NoClassDefFoundError">
            <message>
              <![CDATA[org/hamcrest/Matcher]]>
            </message>
            <full-stacktrace>
              <![CDATA[java.lang.NoClassDefFoundError: org/hamcrest/Matcher
at java.base/java.lang.Class.getDeclaredMethods0(Native Method)
at java.base/java.lang.Class.privateGetDeclaredMethods(Class.java:3402)
at java.base/java.lang.Class.privateGetPublicMethods(Class.java:3427)
at java.base/java.lang.Class.getMethods(Class.java:2019)
at java.desktop/com.sun.beans.introspect.MethodInfo.get(MethodInfo.java:70)
at java.desktop/com.sun.beans.introspect.ClassInfo.getMethods(ClassInfo.java:80)
at java.desktop/java.beans.Introspector.getTargetMethodInfo(Introspector.java:1029)
at java.desktop/java.beans.Introspector.getBeanInfo(Introspector.java:446)
at java.desktop/java.beans.Introspector.getBeanInfo(Introspector.java:195)
at groovy.lang.MetaClassImpl.lambda$addProperties$24(MetaClassImpl.java:3495)
at java.base/java.security.AccessController.doPrivileged(AccessController.java:569)
at groovy.lang.MetaClassImpl.doPrivileged(MetaClassImpl.java:3527)
at groovy.lang.MetaClassImpl.addProperties(MetaClassImpl.java:3495)
at groovy.lang.MetaClassImpl.reinitialize(MetaClassImpl.java:3477)
at groovy.lang.MetaClassImpl.initialize(MetaClassImpl.java:3470)
at org.codehaus.groovy.reflection.ClassInfo.getMetaClassUnderLock(ClassInfo.java:272)
at org.codehaus.groovy.reflection.ClassInfo.getMetaClass(ClassInfo.java:314)
at io.restassured.internal.ResponseSpecificationImpl.$getStaticMetaClass(ResponseSpecificationImpl.groovy)
at io.restassured.internal.ResponseSpecificationImpl.<init>(ResponseSpecificationImpl.groovy:61)
at io.restassured.internal.ResponseSpecificationImpl.<init>(ResponseSpecificationImpl.groovy:79)
at io.restassured.RestAssured.createTestSpecification(RestAssured.java:1453)
at io.restassured.RestAssured.given(RestAssured.java:654)
at com.example.api.tests.userAPI_json.registerUser(userAPI_json.java:28)
at java.base/jdk.internal.reflect.NativeMethodAccessorImpl.invoke0(Native Method)
at java.base/jdk.internal.reflect.NativeMethodAccessorImpl.invoke(NativeMethodAccessorImpl.java:77)
at java.base/jdk.internal.reflect.DelegatingMethodAccessorImpl.invoke(DelegatingMethodAccessorImpl.java:43)
at java.base/java.lang.reflect.Method.invoke(Method.java:568)
at org.testng.internal.invokers.MethodInvocationHelper.invokeMethod(MethodInvocationHelper.java:141)
at org.testng.internal.invokers.TestInvoker.invokeMethod(TestInvoker.java:687)
at org.testng.internal.invokers.TestInvoker.invokeTestMethod(TestInvoker.java:230)
at org.testng.internal.invokers.MethodRunner.runInSequence(MethodRunner.java:63)
at org.testng.internal.invokers.TestInvoker$MethodInvocationAgent.invoke(TestInvoker.java:995)
at org.testng.internal.invokers.TestInvoker.invokeTestMethods(TestInvoker.java:203)
at org.testng.internal.invokers.TestMethodWorker.invokeTestMethods(TestMethodWorker.java:154)
at org.testng.internal.invokers.TestMethodWorker.run(TestMethodWorker.java:134)
at java.base/java.util.ArrayList.forEach(ArrayList.java:1511)
at org.testng.TestRunner.privateRun(TestRunner.java:741)
at org.testng.TestRunner.run(TestRunner.java:616)
at org.testng.SuiteRunner.runTest(SuiteRunner.java:421)
at org.testng.SuiteRunner.runSequentially(SuiteRunner.java:413)
at org.testng.SuiteRunner.privateRun(SuiteRunner.java:373)
at org.testng.SuiteRunner.run(SuiteRunner.java:312)
at org.testng.SuiteRunnerWorker.runSuite(SuiteRunnerWorker.java:52)
at org.testng.SuiteRunnerWorker.run(SuiteRunnerWorker.java:95)
at org.testng.TestNG.runSuitesSequentially(TestNG.java:1274)
at org.testng.TestNG.runSuitesLocally(TestNG.java:1208)
at org.testng.TestNG.runSuites(TestNG.java:1112)
at org.testng.TestNG.run(TestNG.java:1079)
at com.example.api.utils.TestNGXMLGenerator2.runGeneratedXML(TestNGXMLGenerator2.java:200)
at com.example.api.utils.TestNGXMLGenerator2.main(TestNGXMLGenerator2.java:134)
Caused by: java.lang.ClassNotFoundException: org.hamcrest.Matcher
at java.base/jdk.internal.loader.BuiltinClassLoader.loadClass(BuiltinClassLoader.java:641)
at java.base/jdk.internal.loader.ClassLoaders$AppClassLoader.loadClass(ClassLoaders.java:188)
at java.base/java.lang.ClassLoader.loadClass(ClassLoader.java:520)
... 50 more
]]>
            </full-stacktrace>
          </exception> <!-- java.lang.NoClassDefFoundError -->
          <reporter-output>
          </reporter-output>
        </test-method> <!-- registerUser -->
        <test-method signature="loginUser(java.util.Map)[pri:0, instance:com.example.api.tests.userAPI_json@757d6814]" started-at="2025-10-28T22:07:39 IST" name="loginUser" data-provider="loginData" finished-at="2025-10-28T22:07:39 IST" duration-ms="2" status="FAIL">
          <params>
            <param index="0">
              <value>
                <![CDATA[{Testcases=Success, email=test003@admin.com, password=test@1234, success=TRUE, status=200, Expected Message=Login successful}]]>
              </value>
            </param>
          </params>
          <exception class="java.lang.NoClassDefFoundError">
            <message>
              <![CDATA[org/hamcrest/Matcher]]>
            </message>
            <full-stacktrace>
              <![CDATA[java.lang.NoClassDefFoundError: org/hamcrest/Matcher
at java.base/java.lang.Class.getDeclaredMethods0(Native Method)
at java.base/java.lang.Class.privateGetDeclaredMethods(Class.java:3402)
at java.base/java.lang.Class.privateGetPublicMethods(Class.java:3427)
at java.base/java.lang.Class.getMethods(Class.java:2019)
at java.desktop/com.sun.beans.introspect.MethodInfo.get(MethodInfo.java:70)
at java.desktop/com.sun.beans.introspect.ClassInfo.getMethods(ClassInfo.java:80)
at java.desktop/java.beans.Introspector.getTargetMethodInfo(Introspector.java:1029)
at java.desktop/java.beans.Introspector.getBeanInfo(Introspector.java:446)
at java.desktop/java.beans.Introspector.getBeanInfo(Introspector.java:195)
at groovy.lang.MetaClassImpl.lambda$addProperties$24(MetaClassImpl.java:3495)
at java.base/java.security.AccessController.doPrivileged(AccessController.java:569)
at groovy.lang.MetaClassImpl.doPrivileged(MetaClassImpl.java:3527)
at groovy.lang.MetaClassImpl.addProperties(MetaClassImpl.java:3495)
at groovy.lang.MetaClassImpl.reinitialize(MetaClassImpl.java:3477)
at groovy.lang.MetaClassImpl.initialize(MetaClassImpl.java:3470)
at org.codehaus.groovy.reflection.ClassInfo.getMetaClassUnderLock(ClassInfo.java:272)
at org.codehaus.groovy.reflection.ClassInfo.getMetaClass(ClassInfo.java:314)
at io.restassured.internal.ResponseSpecificationImpl.$getStaticMetaClass(ResponseSpecificationImpl.groovy)
at io.restassured.internal.ResponseSpecificationImpl.<init>(ResponseSpecificationImpl.groovy:61)
at io.restassured.internal.ResponseSpecificationImpl.<init>(ResponseSpecificationImpl.groovy:79)
at io.restassured.RestAssured.createTestSpecification(RestAssured.java:1453)
at io.restassured.RestAssured.given(RestAssured.java:654)
at com.example.api.tests.userAPI_json.loginUser(userAPI_json.java:48)
at java.base/jdk.internal.reflect.NativeMethodAccessorImpl.invoke0(Native Method)
at java.base/jdk.internal.reflect.NativeMethodAccessorImpl.invoke(NativeMethodAccessorImpl.java:77)
at java.base/jdk.internal.reflect.DelegatingMethodAccessorImpl.invoke(DelegatingMethodAccessorImpl.java:43)
at java.base/java.lang.reflect.Method.invoke(Method.java:568)
at org.testng.internal.invokers.MethodInvocationHelper.invokeMethod(MethodInvocationHelper.java:141)
at org.testng.internal.invokers.TestInvoker.invokeMethod(TestInvoker.java:687)
at org.testng.internal.invokers.TestInvoker.invokeTestMethod(TestInvoker.java:230)
at org.testng.internal.invokers.MethodRunner.runInSequence(MethodRunner.java:63)
at org.testng.internal.invokers.TestInvoker$MethodInvocationAgent.invoke(TestInvoker.java:995)
at org.testng.internal.invokers.TestInvoker.invokeTestMethods(TestInvoker.java:203)
at org.testng.internal.invokers.TestMethodWorker.invokeTestMethods(TestMethodWorker.java:154)
at org.testng.internal.invokers.TestMethodWorker.run(TestMethodWorker.java:134)
at java.base/java.util.ArrayList.forEach(ArrayList.java:1511)
at org.testng.TestRunner.privateRun(TestRunner.java:741)
at org.testng.TestRunner.run(TestRunner.java:616)
at org.testng.SuiteRunner.runTest(SuiteRunner.java:421)
at org.testng.SuiteRunner.runSequentially(SuiteRunner.java:413)
at org.testng.SuiteRunner.privateRun(SuiteRunner.java:373)
at org.testng.SuiteRunner.run(SuiteRunner.java:312)
at org.testng.SuiteRunnerWorker.runSuite(SuiteRunnerWorker.java:52)
at org.testng.SuiteRunnerWorker.run(SuiteRunnerWorker.java:95)
at org.testng.TestNG.runSuitesSequentially(TestNG.java:1274)
at org.testng.TestNG.runSuitesLocally(TestNG.java:1208)
at org.testng.TestNG.runSuites(TestNG.java:1112)
at org.testng.TestNG.run(TestNG.java:1079)
at com.example.api.utils.TestNGXMLGenerator2.runGeneratedXML(TestNGXMLGenerator2.java:200)
at com.example.api.utils.TestNGXMLGenerator2.main(TestNGXMLGenerator2.java:134)
Caused by: java.lang.ClassNotFoundException: org.hamcrest.Matcher
at java.base/jdk.internal.loader.BuiltinClassLoader.loadClass(BuiltinClassLoader.java:641)
at java.base/jdk.internal.loader.ClassLoaders$AppClassLoader.loadClass(ClassLoaders.java:188)
at java.base/java.lang.ClassLoader.loadClass(ClassLoader.java:520)
... 50 more
]]>
            </full-stacktrace>
          </exception> <!-- java.lang.NoClassDefFoundError -->
          <reporter-output>
          </reporter-output>
        </test-method> <!-- loginUser -->
        <test-method signature="loginUser(java.util.Map)[pri:0, instance:com.example.api.tests.userAPI_json@757d6814]" started-at="2025-10-28T22:07:39 IST" name="loginUser" data-provider="loginData" finished-at="2025-10-28T22:07:39 IST" duration-ms="3" status="FAIL">
          <params>
            <param index="0">
              <value>
                <![CDATA[{Testcases=Invalid Email, email=test0067.com, password=test@1234, success=FALSE, status=400, Expected Message=A valid email address is required}]]>
              </value>
            </param>
          </params>
          <exception class="java.lang.NoClassDefFoundError">
            <message>
              <![CDATA[org/hamcrest/Matcher]]>
            </message>
            <full-stacktrace>
              <![CDATA[java.lang.NoClassDefFoundError: org/hamcrest/Matcher
at java.base/java.lang.Class.getDeclaredMethods0(Native Method)
at java.base/java.lang.Class.privateGetDeclaredMethods(Class.java:3402)
at java.base/java.lang.Class.privateGetPublicMethods(Class.java:3427)
at java.base/java.lang.Class.getMethods(Class.java:2019)
at java.desktop/com.sun.beans.introspect.MethodInfo.get(MethodInfo.java:70)
at java.desktop/com.sun.beans.introspect.ClassInfo.getMethods(ClassInfo.java:80)
at java.desktop/java.beans.Introspector.getTargetMethodInfo(Introspector.java:1029)
at java.desktop/java.beans.Introspector.getBeanInfo(Introspector.java:446)
at java.desktop/java.beans.Introspector.getBeanInfo(Introspector.java:195)
at groovy.lang.MetaClassImpl.lambda$addProperties$24(MetaClassImpl.java:3495)
at java.base/java.security.AccessController.doPrivileged(AccessController.java:569)
at groovy.lang.MetaClassImpl.doPrivileged(MetaClassImpl.java:3527)
at groovy.lang.MetaClassImpl.addProperties(MetaClassImpl.java:3495)
at groovy.lang.MetaClassImpl.reinitialize(MetaClassImpl.java:3477)
at groovy.lang.MetaClassImpl.initialize(MetaClassImpl.java:3470)
at org.codehaus.groovy.reflection.ClassInfo.getMetaClassUnderLock(ClassInfo.java:272)
at org.codehaus.groovy.reflection.ClassInfo.getMetaClass(ClassInfo.java:314)
at io.restassured.internal.ResponseSpecificationImpl.$getStaticMetaClass(ResponseSpecificationImpl.groovy)
at io.restassured.internal.ResponseSpecificationImpl.<init>(ResponseSpecificationImpl.groovy:61)
at io.restassured.internal.ResponseSpecificationImpl.<init>(ResponseSpecificationImpl.groovy:79)
at io.restassured.RestAssured.createTestSpecification(RestAssured.java:1453)
at io.restassured.RestAssured.given(RestAssured.java:654)
at com.example.api.tests.userAPI_json.loginUser(userAPI_json.java:48)
at java.base/jdk.internal.reflect.NativeMethodAccessorImpl.invoke0(Native Method)
at java.base/jdk.internal.reflect.NativeMethodAccessorImpl.invoke(NativeMethodAccessorImpl.java:77)
at java.base/jdk.internal.reflect.DelegatingMethodAccessorImpl.invoke(DelegatingMethodAccessorImpl.java:43)
at java.base/java.lang.reflect.Method.invoke(Method.java:568)
at org.testng.internal.invokers.MethodInvocationHelper.invokeMethod(MethodInvocationHelper.java:141)
at org.testng.internal.invokers.TestInvoker.invokeMethod(TestInvoker.java:687)
at org.testng.internal.invokers.TestInvoker.invokeTestMethod(TestInvoker.java:230)
at org.testng.internal.invokers.MethodRunner.runInSequence(MethodRunner.java:63)
at org.testng.internal.invokers.TestInvoker$MethodInvocationAgent.invoke(TestInvoker.java:995)
at org.testng.internal.invokers.TestInvoker.invokeTestMethods(TestInvoker.java:203)
at org.testng.internal.invokers.TestMethodWorker.invokeTestMethods(TestMethodWorker.java:154)
at org.testng.internal.invokers.TestMethodWorker.run(TestMethodWorker.java:134)
at java.base/java.util.ArrayList.forEach(ArrayList.java:1511)
at org.testng.TestRunner.privateRun(TestRunner.java:741)
at org.testng.TestRunner.run(TestRunner.java:616)
at org.testng.SuiteRunner.runTest(SuiteRunner.java:421)
at org.testng.SuiteRunner.runSequentially(SuiteRunner.java:413)
at org.testng.SuiteRunner.privateRun(SuiteRunner.java:373)
at org.testng.SuiteRunner.run(SuiteRunner.java:312)
at org.testng.SuiteRunnerWorker.runSuite(SuiteRunnerWorker.java:52)
at org.testng.SuiteRunnerWorker.run(SuiteRunnerWorker.java:95)
at org.testng.TestNG.runSuitesSequentially(TestNG.java:1274)
at org.testng.TestNG.runSuitesLocally(TestNG.java:1208)
at org.testng.TestNG.runSuites(TestNG.java:1112)
at org.testng.TestNG.run(TestNG.java:1079)
at com.example.api.utils.TestNGXMLGenerator2.runGeneratedXML(TestNGXMLGenerator2.java:200)
at com.example.api.utils.TestNGXMLGenerator2.main(TestNGXMLGenerator2.java:134)
Caused by: java.lang.ClassNotFoundException: org.hamcrest.Matcher
at java.base/jdk.internal.loader.BuiltinClassLoader.loadClass(BuiltinClassLoader.java:641)
at java.base/jdk.internal.loader.ClassLoaders$AppClassLoader.loadClass(ClassLoaders.java:188)
at java.base/java.lang.ClassLoader.loadClass(ClassLoader.java:520)
... 50 more
]]>
            </full-stacktrace>
          </exception> <!-- java.lang.NoClassDefFoundError -->
          <reporter-output>
          </reporter-output>
        </test-method> <!-- loginUser -->
        <test-method signature="loginUser(java.util.Map)[pri:0, instance:com.example.api.tests.userAPI_json@757d6814]" started-at="2025-10-28T22:07:39 IST" name="loginUser" data-provider="loginData" finished-at="2025-10-28T22:07:39 IST" duration-ms="2" status="FAIL">
          <params>
            <param index="0">
              <value>
                <![CDATA[{Testcases=Invalid Password, email=test003@admin.com, password=tEST, success=FALSE, status=400, Expected Message=Password must be between 6 and 30 characters}]]>
              </value>
            </param>
          </params>
          <exception class="java.lang.NoClassDefFoundError">
            <message>
              <![CDATA[org/hamcrest/Matcher]]>
            </message>
            <full-stacktrace>
              <![CDATA[java.lang.NoClassDefFoundError: org/hamcrest/Matcher
at java.base/java.lang.Class.getDeclaredMethods0(Native Method)
at java.base/java.lang.Class.privateGetDeclaredMethods(Class.java:3402)
at java.base/java.lang.Class.privateGetPublicMethods(Class.java:3427)
at java.base/java.lang.Class.getMethods(Class.java:2019)
at java.desktop/com.sun.beans.introspect.MethodInfo.get(MethodInfo.java:70)
at java.desktop/com.sun.beans.introspect.ClassInfo.getMethods(ClassInfo.java:80)
at java.desktop/java.beans.Introspector.getTargetMethodInfo(Introspector.java:1029)
at java.desktop/java.beans.Introspector.getBeanInfo(Introspector.java:446)
at java.desktop/java.beans.Introspector.getBeanInfo(Introspector.java:195)
at groovy.lang.MetaClassImpl.lambda$addProperties$24(MetaClassImpl.java:3495)
at java.base/java.security.AccessController.doPrivileged(AccessController.java:569)
at groovy.lang.MetaClassImpl.doPrivileged(MetaClassImpl.java:3527)
at groovy.lang.MetaClassImpl.addProperties(MetaClassImpl.java:3495)
at groovy.lang.MetaClassImpl.reinitialize(MetaClassImpl.java:3477)
at groovy.lang.MetaClassImpl.initialize(MetaClassImpl.java:3470)
at org.codehaus.groovy.reflection.ClassInfo.getMetaClassUnderLock(ClassInfo.java:272)
at org.codehaus.groovy.reflection.ClassInfo.getMetaClass(ClassInfo.java:314)
at io.restassured.internal.ResponseSpecificationImpl.$getStaticMetaClass(ResponseSpecificationImpl.groovy)
at io.restassured.internal.ResponseSpecificationImpl.<init>(ResponseSpecificationImpl.groovy:61)
at io.restassured.internal.ResponseSpecificationImpl.<init>(ResponseSpecificationImpl.groovy:79)
at io.restassured.RestAssured.createTestSpecification(RestAssured.java:1453)
at io.restassured.RestAssured.given(RestAssured.java:654)
at com.example.api.tests.userAPI_json.loginUser(userAPI_json.java:48)
at java.base/jdk.internal.reflect.NativeMethodAccessorImpl.invoke0(Native Method)
at java.base/jdk.internal.reflect.NativeMethodAccessorImpl.invoke(NativeMethodAccessorImpl.java:77)
at java.base/jdk.internal.reflect.DelegatingMethodAccessorImpl.invoke(DelegatingMethodAccessorImpl.java:43)
at java.base/java.lang.reflect.Method.invoke(Method.java:568)
at org.testng.internal.invokers.MethodInvocationHelper.invokeMethod(MethodInvocationHelper.java:141)
at org.testng.internal.invokers.TestInvoker.invokeMethod(TestInvoker.java:687)
at org.testng.internal.invokers.TestInvoker.invokeTestMethod(TestInvoker.java:230)
at org.testng.internal.invokers.MethodRunner.runInSequence(MethodRunner.java:63)
at org.testng.internal.invokers.TestInvoker$MethodInvocationAgent.invoke(TestInvoker.java:995)
at org.testng.internal.invokers.TestInvoker.invokeTestMethods(TestInvoker.java:203)
at org.testng.internal.invokers.TestMethodWorker.invokeTestMethods(TestMethodWorker.java:154)
at org.testng.internal.invokers.TestMethodWorker.run(TestMethodWorker.java:134)
at java.base/java.util.ArrayList.forEach(ArrayList.java:1511)
at org.testng.TestRunner.privateRun(TestRunner.java:741)
at org.testng.TestRunner.run(TestRunner.java:616)
at org.testng.SuiteRunner.runTest(SuiteRunner.java:421)
at org.testng.SuiteRunner.runSequentially(SuiteRunner.java:413)
at org.testng.SuiteRunner.privateRun(SuiteRunner.java:373)
at org.testng.SuiteRunner.run(SuiteRunner.java:312)
at org.testng.SuiteRunnerWorker.runSuite(SuiteRunnerWorker.java:52)
at org.testng.SuiteRunnerWorker.run(SuiteRunnerWorker.java:95)
at org.testng.TestNG.runSuitesSequentially(TestNG.java:1274)
at org.testng.TestNG.runSuitesLocally(TestNG.java:1208)
at org.testng.TestNG.runSuites(TestNG.java:1112)
at org.testng.TestNG.run(TestNG.java:1079)
at com.example.api.utils.TestNGXMLGenerator2.runGeneratedXML(TestNGXMLGenerator2.java:200)
at com.example.api.utils.TestNGXMLGenerator2.main(TestNGXMLGenerator2.java:134)
Caused by: java.lang.ClassNotFoundException: org.hamcrest.Matcher
at java.base/jdk.internal.loader.BuiltinClassLoader.loadClass(BuiltinClassLoader.java:641)
at java.base/jdk.internal.loader.ClassLoaders$AppClassLoader.loadClass(ClassLoaders.java:188)
at java.base/java.lang.ClassLoader.loadClass(ClassLoader.java:520)
... 50 more
]]>
            </full-stacktrace>
          </exception> <!-- java.lang.NoClassDefFoundError -->
          <reporter-output>
          </reporter-output>
        </test-method> <!-- loginUser -->
        <test-method signature="loginUser(java.util.Map)[pri:0, instance:com.example.api.tests.userAPI_json@757d6814]" started-at="2025-10-28T22:07:39 IST" name="loginUser" data-provider="loginData" finished-at="2025-10-28T22:07:39 IST" duration-ms="2" status="FAIL">
          <params>
            <param index="0">
              <value>
                <![CDATA[{Testcases=Incorrect Password, email=test003@admin.com, password=test@12345678, success=FALSE, status=401, Expected Message=Incorrect email address or password}]]>
              </value>
            </param>
          </params>
          <exception class="java.lang.NoClassDefFoundError">
            <message>
              <![CDATA[org/hamcrest/Matcher]]>
            </message>
            <full-stacktrace>
              <![CDATA[java.lang.NoClassDefFoundError: org/hamcrest/Matcher
at java.base/java.lang.Class.getDeclaredMethods0(Native Method)
at java.base/java.lang.Class.privateGetDeclaredMethods(Class.java:3402)
at java.base/java.lang.Class.privateGetPublicMethods(Class.java:3427)
at java.base/java.lang.Class.getMethods(Class.java:2019)
at java.desktop/com.sun.beans.introspect.MethodInfo.get(MethodInfo.java:70)
at java.desktop/com.sun.beans.introspect.ClassInfo.getMethods(ClassInfo.java:80)
at java.desktop/java.beans.Introspector.getTargetMethodInfo(Introspector.java:1029)
at java.desktop/java.beans.Introspector.getBeanInfo(Introspector.java:446)
at java.desktop/java.beans.Introspector.getBeanInfo(Introspector.java:195)
at groovy.lang.MetaClassImpl.lambda$addProperties$24(MetaClassImpl.java:3495)
at java.base/java.security.AccessController.doPrivileged(AccessController.java:569)
at groovy.lang.MetaClassImpl.doPrivileged(MetaClassImpl.java:3527)
at groovy.lang.MetaClassImpl.addProperties(MetaClassImpl.java:3495)
at groovy.lang.MetaClassImpl.reinitialize(MetaClassImpl.java:3477)
at groovy.lang.MetaClassImpl.initialize(MetaClassImpl.java:3470)
at org.codehaus.groovy.reflection.ClassInfo.getMetaClassUnderLock(ClassInfo.java:272)
at org.codehaus.groovy.reflection.ClassInfo.getMetaClass(ClassInfo.java:314)
at io.restassured.internal.ResponseSpecificationImpl.$getStaticMetaClass(ResponseSpecificationImpl.groovy)
at io.restassured.internal.ResponseSpecificationImpl.<init>(ResponseSpecificationImpl.groovy:61)
at io.restassured.internal.ResponseSpecificationImpl.<init>(ResponseSpecificationImpl.groovy:79)
at io.restassured.RestAssured.createTestSpecification(RestAssured.java:1453)
at io.restassured.RestAssured.given(RestAssured.java:654)
at com.example.api.tests.userAPI_json.loginUser(userAPI_json.java:48)
at java.base/jdk.internal.reflect.NativeMethodAccessorImpl.invoke0(Native Method)
at java.base/jdk.internal.reflect.NativeMethodAccessorImpl.invoke(NativeMethodAccessorImpl.java:77)
at java.base/jdk.internal.reflect.DelegatingMethodAccessorImpl.invoke(DelegatingMethodAccessorImpl.java:43)
at java.base/java.lang.reflect.Method.invoke(Method.java:568)
at org.testng.internal.invokers.MethodInvocationHelper.invokeMethod(MethodInvocationHelper.java:141)
at org.testng.internal.invokers.TestInvoker.invokeMethod(TestInvoker.java:687)
at org.testng.internal.invokers.TestInvoker.invokeTestMethod(TestInvoker.java:230)
at org.testng.internal.invokers.MethodRunner.runInSequence(MethodRunner.java:63)
at org.testng.internal.invokers.TestInvoker$MethodInvocationAgent.invoke(TestInvoker.java:995)
at org.testng.internal.invokers.TestInvoker.invokeTestMethods(TestInvoker.java:203)
at org.testng.internal.invokers.TestMethodWorker.invokeTestMethods(TestMethodWorker.java:154)
at org.testng.internal.invokers.TestMethodWorker.run(TestMethodWorker.java:134)
at java.base/java.util.ArrayList.forEach(ArrayList.java:1511)
at org.testng.TestRunner.privateRun(TestRunner.java:741)
at org.testng.TestRunner.run(TestRunner.java:616)
at org.testng.SuiteRunner.runTest(SuiteRunner.java:421)
at org.testng.SuiteRunner.runSequentially(SuiteRunner.java:413)
at org.testng.SuiteRunner.privateRun(SuiteRunner.java:373)
at org.testng.SuiteRunner.run(SuiteRunner.java:312)
at org.testng.SuiteRunnerWorker.runSuite(SuiteRunnerWorker.java:52)
at org.testng.SuiteRunnerWorker.run(SuiteRunnerWorker.java:95)
at org.testng.TestNG.runSuitesSequentially(TestNG.java:1274)
at org.testng.TestNG.runSuitesLocally(TestNG.java:1208)
at org.testng.TestNG.runSuites(TestNG.java:1112)
at org.testng.TestNG.run(TestNG.java:1079)
at com.example.api.utils.TestNGXMLGenerator2.runGeneratedXML(TestNGXMLGenerator2.java:200)
at com.example.api.utils.TestNGXMLGenerator2.main(TestNGXMLGenerator2.java:134)
Caused by: java.lang.ClassNotFoundException: org.hamcrest.Matcher
at java.base/jdk.internal.loader.BuiltinClassLoader.loadClass(BuiltinClassLoader.java:641)
at java.base/jdk.internal.loader.ClassLoaders$AppClassLoader.loadClass(ClassLoaders.java:188)
at java.base/java.lang.ClassLoader.loadClass(ClassLoader.java:520)
... 50 more
]]>
            </full-stacktrace>
          </exception> <!-- java.lang.NoClassDefFoundError -->
          <reporter-output>
          </reporter-output>
        </test-method> <!-- loginUser -->
      </class> <!-- com.example.api.tests.userAPI_json -->
    </test> <!-- API -->
  </suite> <!-- Regression,API -->
</testng-results>
